TN:
SF:source/server/logic.js
FN:5,createBoard
FN:6,(anonymous_1)
FN:10,takeTurn
FN:28,checkWinnerColumn
FN:52,diagonalWin
FN:78,checkWinnerRow
FNF:6
FNH:6
FNDA:3,createBoard
FNDA:24,(anonymous_1)
FNDA:3,takeTurn
FNDA:5,checkWinnerColumn
FNDA:1,diagonalWin
FNDA:5,checkWinnerRow
DA:1,2
DA:6,24
DA:7,3
DA:11,3
DA:12,8
DA:13,2
DA:14,2
DA:15,2
DA:17,2
DA:22,2
DA:25,1
DA:29,5
DA:30,5
DA:31,5
DA:32,26
DA:33,5
DA:35,21
DA:37,26
DA:38,3
DA:40,23
DA:42,26
DA:43,1
DA:45,25
DA:46,1
DA:49,3
DA:53,1
DA:54,1
DA:55,1
DA:56,5
DA:57,21
DA:58,2
DA:60,19
DA:62,21
DA:63,0
DA:65,21
DA:69,0
DA:70,0
DA:72,0
DA:73,0
DA:75,0
DA:79,5
DA:80,5
DA:81,5
DA:82,24
DA:83,5
DA:85,19
DA:87,24
DA:88,3
DA:90,21
DA:92,24
DA:93,1
DA:95,23
DA:96,1
DA:99,3
DA:102,2
DA:103,2
LF:56
LH:50
BRDA:12,0,0,2
BRDA:12,0,1,6
BRDA:32,1,0,5
BRDA:32,1,1,21
BRDA:32,2,0,26
BRDA:32,2,1,9
BRDA:37,3,0,3
BRDA:37,3,1,23
BRDA:37,4,0,26
BRDA:37,4,1,4
BRDA:42,5,0,1
BRDA:42,5,1,25
BRDA:45,6,0,1
BRDA:45,6,1,24
BRDA:57,7,0,2
BRDA:57,7,1,19
BRDA:57,8,0,21
BRDA:57,8,1,5
BRDA:62,9,0,0
BRDA:62,9,1,21
BRDA:62,10,0,21
BRDA:62,10,1,4
BRDA:69,11,0,0
BRDA:69,11,1,0
BRDA:72,12,0,0
BRDA:72,12,1,0
BRDA:82,13,0,5
BRDA:82,13,1,19
BRDA:82,14,0,24
BRDA:82,14,1,8
BRDA:87,15,0,3
BRDA:87,15,1,21
BRDA:87,16,0,24
BRDA:87,16,1,3
BRDA:92,17,0,1
BRDA:92,17,1,23
BRDA:95,18,0,1
BRDA:95,18,1,22
BRDA:102,19,0,2
BRDA:102,19,1,0
BRF:40
BRH:34
end_of_record
TN:
SF:source/server/server.js
FN:15,(anonymous_0)
FN:25,(anonymous_1)
FN:41,(anonymous_2)
FNF:3
FNH:2
FNDA:1,(anonymous_0)
FNDA:1,(anonymous_1)
FNDA:0,(anonymous_2)
DA:1,1
DA:6,1
DA:7,1
DA:10,1
DA:13,1
DA:15,1
DA:16,1
DA:17,1
DA:18,1
DA:19,1
DA:21,0
DA:25,1
DA:26,1
DA:27,1
DA:28,1
DA:29,1
DA:32,1
DA:33,1
DA:35,0
DA:36,0
DA:40,1
DA:41,0
DA:42,0
DA:46,1
LF:24
LH:19
BRDA:40,0,0,0
BRDA:40,0,1,1
BRF:2
BRH:1
end_of_record
