TN:
SF:source/server/logic.js
FN:4,createBoard
FN:5,(anonymous_1)
FN:9,takeTurn
FN:27,checkWinnerColumn
FN:51,checkWinnerRow
FNF:5
FNH:5
FNDA:3,createBoard
FNDA:24,(anonymous_1)
FNDA:3,takeTurn
FNDA:4,checkWinnerColumn
FNDA:4,checkWinnerRow
DA:1,2
DA:5,24
DA:6,3
DA:10,3
DA:11,8
DA:12,2
DA:13,2
DA:14,2
DA:15,2
DA:16,2
DA:21,2
DA:24,1
DA:28,4
DA:29,4
DA:30,4
DA:31,22
DA:32,5
DA:34,17
DA:36,22
DA:37,0
DA:39,22
DA:41,22
DA:42,1
DA:44,21
DA:45,0
DA:48,3
DA:52,4
DA:53,4
DA:54,4
DA:55,21
DA:56,5
DA:58,16
DA:60,21
DA:61,0
DA:63,21
DA:65,21
DA:66,1
DA:68,20
DA:69,0
DA:72,3
DA:75,2
DA:76,2
LF:42
LH:38
BRDA:11,0,0,2
BRDA:11,0,1,6
BRDA:31,1,0,5
BRDA:31,1,1,17
BRDA:31,2,0,22
BRDA:31,2,1,9
BRDA:36,3,0,0
BRDA:36,3,1,22
BRDA:36,4,0,22
BRDA:36,4,1,1
BRDA:41,5,0,1
BRDA:41,5,1,21
BRDA:44,6,0,0
BRDA:44,6,1,21
BRDA:55,7,0,5
BRDA:55,7,1,16
BRDA:55,8,0,21
BRDA:55,8,1,8
BRDA:60,9,0,0
BRDA:60,9,1,21
BRDA:60,10,0,21
BRDA:60,10,1,0
BRDA:65,11,0,1
BRDA:65,11,1,20
BRDA:68,12,0,0
BRDA:68,12,1,20
BRDA:75,13,0,2
BRDA:75,13,1,0
BRF:28
BRH:22
end_of_record
TN:
SF:source/server/server.js
FN:14,(anonymous_0)
FN:24,(anonymous_1)
FN:39,(anonymous_2)
FNF:3
FNH:2
FNDA:1,(anonymous_0)
FNDA:1,(anonymous_1)
FNDA:0,(anonymous_2)
DA:1,1
DA:5,1
DA:6,1
DA:9,1
DA:12,1
DA:14,1
DA:15,1
DA:16,1
DA:17,1
DA:18,1
DA:20,0
DA:24,1
DA:25,1
DA:26,1
DA:27,1
DA:28,1
DA:31,1
DA:32,1
DA:34,0
DA:38,1
DA:39,0
DA:40,0
DA:44,1
LF:23
LH:19
BRDA:38,0,0,0
BRDA:38,0,1,1
BRF:2
BRH:1
end_of_record
